# JRE version: Java(TM) SE Runtime Environment (8.0_261-b12) (build 1.8.0_261-b12)
# Java VM: Java HotSpot(TM) 64-Bit Server VM (25.261-b12 mixed mode bsd-amd64 compressed oops)
Heap:
 PSYoungGen      total 38400K, used 11616K [0x0000000795580000, 0x000000079a080000, 0x00000007c0000000)
  eden space 33280K, 19% used [0x0000000795580000,0x0000000795bd9e58,0x0000000797600000)
  from space 5120K, 99% used [0x0000000799b80000,0x000000079a07e2e0,0x000000079a080000)
  to   space 5120K, 0% used [0x0000000797600000,0x0000000797600000,0x0000000797b00000)
 ParOldGen       total 87552K, used 15842K [0x0000000740000000, 0x0000000745580000, 0x0000000795580000)
  object space 87552K, 18% used [0x0000000740000000,0x0000000740f789b0,0x0000000745580000)
 Metaspace       used 19527K, capacity 20734K, committed 20864K, reserved 1067008K
  class space    used 2798K, capacity 3096K, committed 3200K, reserved 1048576K
GC Heap History (4 events):
Event: 2.618 GC heap before
{Heap before GC invocations=1 (full 0):
 PSYoungGen      total 38400K, used 33280K [0x0000000795580000, 0x0000000798000000, 0x00000007c0000000)
  eden space 33280K, 100% used [0x0000000795580000,0x0000000797600000,0x0000000797600000)
  from space 5120K, 0% used [0x0000000797b00000,0x0000000797b00000,0x0000000798000000)
  to   space 5120K, 0% used [0x0000000797600000,0x0000000797600000,0x0000000797b00000)
 ParOldGen       total 87552K, used 0K [0x0000000740000000, 0x0000000745580000, 0x0000000795580000)
  object space 87552K, 0% used [0x0000000740000000,0x0000000740000000,0x0000000745580000)
 Metaspace       used 11177K, capacity 11570K, committed 11648K, reserved 1058816K
  class space    used 1521K, capacity 1630K, committed 1664K, reserved 1048576K
Event: 2.659 GC heap after
Heap after GC invocations=1 (full 0):
 PSYoungGen      total 38400K, used 3632K [0x0000000795580000, 0x000000079a080000, 0x00000007c0000000)
  eden space 33280K, 0% used [0x0000000795580000,0x0000000795580000,0x0000000797600000)
  from space 5120K, 70% used [0x0000000797600000,0x000000079798c040,0x0000000797b00000)
  to   space 5120K, 0% used [0x0000000799b80000,0x0000000799b80000,0x000000079a080000)
 ParOldGen       total 87552K, used 10088K [0x0000000740000000, 0x0000000745580000, 0x0000000795580000)
  object space 87552K, 11% used [0x0000000740000000,0x00000007409da0b8,0x0000000745580000)
 Metaspace       used 11177K, capacity 11570K, committed 11648K, reserved 1058816K
  class space    used 1521K, capacity 1630K, committed 1664K, reserved 1048576K
}
Event: 9.520 GC heap before
{Heap before GC invocations=2 (full 0):
 PSYoungGen      total 38400K, used 36912K [0x0000000795580000, 0x000000079a080000, 0x00000007c0000000)
  eden space 33280K, 100% used [0x0000000795580000,0x0000000797600000,0x0000000797600000)
  from space 5120K, 70% used [0x0000000797600000,0x000000079798c040,0x0000000797b00000)
  to   space 5120K, 0% used [0x0000000799b80000,0x0000000799b80000,0x000000079a080000)
 ParOldGen       total 87552K, used 10088K [0x0000000740000000, 0x0000000745580000, 0x0000000795580000)
  object space 87552K, 11% used [0x0000000740000000,0x00000007409da0b8,0x0000000745580000)
 Metaspace       used 19011K, capacity 20222K, committed 20480K, reserved 1067008K
  class space    used 2755K, capacity 3060K, committed 3072K, reserved 1048576K
Event: 9.539 GC heap after
Heap after GC invocations=2 (full 0):
 PSYoungGen      total 38400K, used 5112K [0x0000000795580000, 0x000000079a080000, 0x00000007c0000000)
  eden space 33280K, 0% used [0x0000000795580000,0x0000000795580000,0x0000000797600000)
  from space 5120K, 99% used [0x0000000799b80000,0x000000079a07e2e0,0x000000079a080000)
  to   space 5120K, 0% used [0x0000000797600000,0x0000000797600000,0x0000000797b00000)
 ParOldGen       total 87552K, used 15842K [0x0000000740000000, 0x0000000745580000, 0x0000000795580000)
  object space 87552K, 18% used [0x0000000740000000,0x0000000740f789b0,0x0000000745580000)
 Metaspace       used 19011K, capacity 20222K, committed 20480K, reserved 1067008K
  class space    used 2755K, capacity 3060K, committed 3072K, reserved 1048576K
}

